<?xml version="1.0" encoding="UTF-8"?>
<!-- Generated by org.testng.reporters.JUnitXMLReporter -->
<testsuite hostname="LAPTOP-HTNIBIF4" ignored="0" name="Default test" tests="6" failures="0" timestamp="2021-10-14T11:17:17 IST" time="102.253" errors="0">
  <testcase name="activateapp" time="8.141" classname="sample.webview"/>
  <testcase name="lock" time="8.216" classname="sample.webview"/>
  <testcase name="longpress" time="13.897" classname="sample.webview"/>
  <testcase name="ram" time="21.487" classname="sample.webview"/>
  <testcase name="runinbackground" time="5.63" classname="sample.webview"/>
  <testcase name="scroll" time="8.613" classname="sample.webview"/>
</testsuite> <!-- Default test -->
